c:\kody\biblioteka\proj_opr\x64\release\vc143.pdb
c:\kody\biblioteka\proj_opr\x64\release\.netframework,version=v4.7.2.assemblyattributes.obj
c:\kody\biblioteka\proj_opr\x64\release\zarejestruj.obj
c:\kody\biblioteka\proj_opr\x64\release\zalogowany_admin.obj
c:\kody\biblioteka\proj_opr\x64\release\ksiazki_user.obj
c:\kody\biblioteka\proj_opr\x64\release\dodaj_ocene.obj
c:\kody\biblioteka\proj_opr\x64\release\zaloguj.obj
c:\kody\biblioteka\proj_opr\x64\release\zalogowany_user.obj
c:\kody\biblioteka\proj_opr\x64\release\start_programu.obj
c:\kody\biblioteka\proj_opr\x64\release\moje_wypozyczenia.obj
c:\kody\biblioteka\x64\release\biblioteka.exe
c:\kody\biblioteka\x64\release\biblioteka.pdb
c:\kody\biblioteka\proj_opr\x64\release\lista_przypisanych_pac.obj
c:\kody\biblioteka\proj_opr\x64\release\lista_upowaznionych.obj
c:\kody\biblioteka\proj_opr\x64\release\pacjenci_doktora.obj
c:\kody\biblioteka\proj_opr\x64\release\pliki_pac.obj
c:\kody\biblioteka\proj_opr\x64\release\rejestracja_doktor.obj
c:\kody\biblioteka\proj_opr\x64\release\rejestracja_pacjent.obj
c:\kody\biblioteka\proj_opr\x64\release\rejestracja_upowazniony.obj
c:\kody\biblioteka\proj_opr\x64\release\upowaznieni_przypisani.obj
c:\kody\biblioteka\proj_opr\x64\release\zalogowany_doktor.obj
c:\kody\biblioteka\proj_opr\x64\release\zalogowany_pacjent.obj
c:\kody\biblioteka\proj_opr\x64\release\zalogowany_upowazniony.obj
c:\kody\biblioteka\proj_opr\x64\release\projopr.lista_przypisanych_pac.resources
c:\kody\biblioteka\proj_opr\x64\release\projopr.lista_upowaznionych.resources
c:\kody\biblioteka\proj_opr\x64\release\projopr.pacjenci_doktora.resources
c:\kody\biblioteka\proj_opr\x64\release\projopr.pliki_pac.resources
c:\kody\biblioteka\proj_opr\x64\release\projopr.rejestracja_doktor.resources
c:\kody\biblioteka\proj_opr\x64\release\projopr.rejestracja_pacjent.resources
c:\kody\biblioteka\proj_opr\x64\release\projopr.rejestracja_upowazniony.resources
c:\kody\biblioteka\proj_opr\x64\release\projopr.upowaznieni_przypisani.resources
c:\kody\biblioteka\proj_opr\x64\release\projopr.zalogowany_doktor.resources
c:\kody\biblioteka\proj_opr\x64\release\projopr.zalogowany_pacjent.resources
c:\kody\biblioteka\proj_opr\x64\release\projopr.zalogowany_upowazniony.resources
c:\kody\biblioteka\proj_opr\x64\release\biblioteka.tlog\cl.command.1.tlog
c:\kody\biblioteka\proj_opr\x64\release\biblioteka.tlog\cl.items.tlog
c:\kody\biblioteka\proj_opr\x64\release\biblioteka.tlog\cl.read.1.tlog
c:\kody\biblioteka\proj_opr\x64\release\biblioteka.tlog\cl.write.1.tlog
c:\kody\biblioteka\proj_opr\x64\release\biblioteka.tlog\link.command.1.tlog
c:\kody\biblioteka\proj_opr\x64\release\biblioteka.tlog\link.read.1.tlog
c:\kody\biblioteka\proj_opr\x64\release\biblioteka.tlog\link.write.1.tlog
c:\kody\biblioteka\proj_opr\x64\release\biblioteka.tlog\metagen.read.1.tlog
c:\kody\biblioteka\proj_opr\x64\release\biblioteka.tlog\metagen.write.1.tlog
c:\kody\biblioteka\proj_opr\x64\release\biblioteka.tlog\resgen.command.1.tlog
c:\kody\biblioteka\proj_opr\x64\release\biblioteka.tlog\resgen.read.1.tlog
c:\kody\biblioteka\proj_opr\x64\release\biblioteka.tlog\resgen.write.1.tlog
